0 info it worked if it ends with ok
1 verbose cli [ 'e:\\MyApps\\Node\\node.exe',
1 verbose cli   'e:\\MyApps\\Node\\node_modules\\npm\\bin\\npm-cli.js',
1 verbose cli   'install',
1 verbose cli   'sequelize/sequelize',
1 verbose cli   '--save' ]
2 info using npm@4.1.2
3 info using node@v7.7.3
4 silly loadCurrentTree Starting
5 silly install loadCurrentTree
6 silly install readLocalPackageData
7 silly fetchPackageMetaData sequelize/sequelize
8 silly fetchOtherPackageData sequelize/sequelize
9 silly cache add args [ 'sequelize/sequelize', null ]
10 verbose cache add spec sequelize/sequelize
11 silly cache add parsed spec Result {
11 silly cache add   raw: 'sequelize/sequelize',
11 silly cache add   scope: null,
11 silly cache add   escapedName: null,
11 silly cache add   name: null,
11 silly cache add   rawSpec: 'sequelize/sequelize',
11 silly cache add   spec: 'github:sequelize/sequelize',
11 silly cache add   type: 'hosted',
11 silly cache add   hosted:
11 silly cache add    { type: 'github',
11 silly cache add      ssh: 'git@github.com:sequelize/sequelize.git',
11 silly cache add      sshUrl: 'git+ssh://git@github.com/sequelize/sequelize.git',
11 silly cache add      httpsUrl: 'git+https://github.com/sequelize/sequelize.git',
11 silly cache add      gitUrl: 'git://github.com/sequelize/sequelize.git',
11 silly cache add      shortcut: 'github:sequelize/sequelize',
11 silly cache add      directUrl: 'https://raw.githubusercontent.com/sequelize/sequelize/master/package.json' } }
12 verbose addRemoteGit caching sequelize/sequelize
13 verbose addRemoteGit sequelize/sequelize is a repository hosted by github
14 silly tryGitProto attempting to clone git://github.com/sequelize/sequelize.git
15 silly tryClone cloning sequelize/sequelize via git://github.com/sequelize/sequelize.git
16 verbose tryClone git-github-com-sequelize-sequelize-git-9a8a9c53 not in flight; caching
17 verbose correctMkdir C:\Users\IvanovA3\AppData\Roaming\npm-cache\_git-remotes correctMkdir not in flight; initializing
18 verbose makeDirectory C:\Users\IvanovA3\AppData\Roaming\npm-cache\_git-remotes creation not in flight; initializing
19 verbose makeCacheDir UID & GID are irrelevant on win32
20 info git [ 'clone',
20 info git   '--template=C:\\Users\\IvanovA3\\AppData\\Roaming\\npm-cache\\_git-remotes\\_templates',
20 info git   '--mirror',
20 info git   'git://github.com/sequelize/sequelize.git',
20 info git   'C:\\Users\\IvanovA3\\AppData\\Roaming\\npm-cache\\_git-remotes\\git-github-com-sequelize-sequelize-git-9a8a9c53' ]
21 verbose git clone --template=C:\Users\IvanovA3\AppData\Roaming\npm-cache\_git-remotes\_templates --mirror git://github.com/sequelize/sequelize.git C:\Users\IvanovA3\AppData\Roaming\npm-cache\_git-remotes\git-github-com-sequelize-sequelize-git-9a8a9c53: Cloning into bare repository 'C:\Users\IvanovA3\AppData\Roaming\npm-cache\_git-remotes\git-github-com-sequelize-sequelize-git-9a8a9c53'...
21 verbose git clone --template=C:\Users\IvanovA3\AppData\Roaming\npm-cache\_git-remotes\_templates --mirror git://github.com/sequelize/sequelize.git C:\Users\IvanovA3\AppData\Roaming\npm-cache\_git-remotes\git-github-com-sequelize-sequelize-git-9a8a9c53: fatal: unable to connect to github.com:
21 verbose git clone --template=C:\Users\IvanovA3\AppData\Roaming\npm-cache\_git-remotes\_templates --mirror git://github.com/sequelize/sequelize.git C:\Users\IvanovA3\AppData\Roaming\npm-cache\_git-remotes\git-github-com-sequelize-sequelize-git-9a8a9c53: github.com[0: 192.30.253.112]: errno=Result too large
21 verbose git clone --template=C:\Users\IvanovA3\AppData\Roaming\npm-cache\_git-remotes\_templates --mirror git://github.com/sequelize/sequelize.git C:\Users\IvanovA3\AppData\Roaming\npm-cache\_git-remotes\git-github-com-sequelize-sequelize-git-9a8a9c53: github.com[1: 192.30.253.113]: errno=Result too large
22 silly tryHTTPS attempting to clone git+https://github.com/sequelize/sequelize.git
23 silly tryClone cloning sequelize/sequelize via git+https://github.com/sequelize/sequelize.git
24 verbose tryClone git-https-github-com-sequelize-sequelize-git-5383c76d not in flight; caching
25 verbose correctMkdir C:\Users\IvanovA3\AppData\Roaming\npm-cache\_git-remotes correctMkdir not in flight; initializing
26 info git [ 'clone',
26 info git   '--template=C:\\Users\\IvanovA3\\AppData\\Roaming\\npm-cache\\_git-remotes\\_templates',
26 info git   '--mirror',
26 info git   'https://github.com/sequelize/sequelize.git',
26 info git   'C:\\Users\\IvanovA3\\AppData\\Roaming\\npm-cache\\_git-remotes\\git-https-github-com-sequelize-sequelize-git-5383c76d' ]
27 verbose git clone --template=C:\Users\IvanovA3\AppData\Roaming\npm-cache\_git-remotes\_templates --mirror https://github.com/sequelize/sequelize.git C:\Users\IvanovA3\AppData\Roaming\npm-cache\_git-remotes\git-https-github-com-sequelize-sequelize-git-5383c76d: Cloning into bare repository 'C:\Users\IvanovA3\AppData\Roaming\npm-cache\_git-remotes\git-https-github-com-sequelize-sequelize-git-5383c76d'...
27 verbose git clone --template=C:\Users\IvanovA3\AppData\Roaming\npm-cache\_git-remotes\_templates --mirror https://github.com/sequelize/sequelize.git C:\Users\IvanovA3\AppData\Roaming\npm-cache\_git-remotes\git-https-github-com-sequelize-sequelize-git-5383c76d: fatal: unable to access 'https://github.com/sequelize/sequelize.git/': Failed to connect to github.com port 443: Timed out
28 silly trySSH attempting to clone git@github.com:sequelize/sequelize.git
29 silly tryClone cloning sequelize/sequelize via git@github.com:sequelize/sequelize.git
30 verbose tryClone git-github-com-sequelize-sequelize-git-2d67f3ed not in flight; caching
31 verbose correctMkdir C:\Users\IvanovA3\AppData\Roaming\npm-cache\_git-remotes correctMkdir not in flight; initializing
32 info git [ 'clone',
32 info git   '--template=C:\\Users\\IvanovA3\\AppData\\Roaming\\npm-cache\\_git-remotes\\_templates',
32 info git   '--mirror',
32 info git   'git@github.com:sequelize/sequelize.git',
32 info git   'C:\\Users\\IvanovA3\\AppData\\Roaming\\npm-cache\\_git-remotes\\git-github-com-sequelize-sequelize-git-2d67f3ed' ]
33 error git clone --template=C:\Users\IvanovA3\AppData\Roaming\npm-cache\_git-remotes\_templates --mirror git@github.com:sequelize/sequelize.git C:\Users\IvanovA3\AppData\Roaming\npm-cache\_git-remotes\git-github-com-sequelize-sequelize-git-2d67f3ed: Cloning into bare repository 'C:\Users\IvanovA3\AppData\Roaming\npm-cache\_git-remotes\git-github-com-sequelize-sequelize-git-2d67f3ed'...
33 error git clone --template=C:\Users\IvanovA3\AppData\Roaming\npm-cache\_git-remotes\_templates --mirror git@github.com:sequelize/sequelize.git C:\Users\IvanovA3\AppData\Roaming\npm-cache\_git-remotes\git-github-com-sequelize-sequelize-git-2d67f3ed: ssh: connect to host github.com port 22: Connection timed out
33 error git clone --template=C:\Users\IvanovA3\AppData\Roaming\npm-cache\_git-remotes\_templates --mirror git@github.com:sequelize/sequelize.git C:\Users\IvanovA3\AppData\Roaming\npm-cache\_git-remotes\git-github-com-sequelize-sequelize-git-2d67f3ed: fatal: Could not read from remote repository.
33 error git clone --template=C:\Users\IvanovA3\AppData\Roaming\npm-cache\_git-remotes\_templates --mirror git@github.com:sequelize/sequelize.git C:\Users\IvanovA3\AppData\Roaming\npm-cache\_git-remotes\git-github-com-sequelize-sequelize-git-2d67f3ed:
33 error git clone --template=C:\Users\IvanovA3\AppData\Roaming\npm-cache\_git-remotes\_templates --mirror git@github.com:sequelize/sequelize.git C:\Users\IvanovA3\AppData\Roaming\npm-cache\_git-remotes\git-github-com-sequelize-sequelize-git-2d67f3ed: Please make sure you have the correct access rights
33 error git clone --template=C:\Users\IvanovA3\AppData\Roaming\npm-cache\_git-remotes\_templates --mirror git@github.com:sequelize/sequelize.git C:\Users\IvanovA3\AppData\Roaming\npm-cache\_git-remotes\git-github-com-sequelize-sequelize-git-2d67f3ed: and the repository exists.
34 silly fetchPackageMetaData Error: Command failed: git -c core.longpaths=true clone --template=C:\Users\IvanovA3\AppData\Roaming\npm-cache\_git-remotes\_templates --mirror git@github.com:sequelize/sequelize.git C:\Users\IvanovA3\AppData\Roaming\npm-cache\_git-remotes\git-github-com-sequelize-sequelize-git-2d67f3ed
34 silly fetchPackageMetaData Cloning into bare repository 'C:\Users\IvanovA3\AppData\Roaming\npm-cache\_git-remotes\git-github-com-sequelize-sequelize-git-2d67f3ed'...
34 silly fetchPackageMetaData ssh: connect to host github.com port 22: Connection timed out
34 silly fetchPackageMetaData fatal: Could not read from remote repository.
34 silly fetchPackageMetaData
34 silly fetchPackageMetaData Please make sure you have the correct access rights
34 silly fetchPackageMetaData and the repository exists.
34 silly fetchPackageMetaData
34 silly fetchPackageMetaData     at ChildProcess.exithandler (child_process.js:210:12)
34 silly fetchPackageMetaData     at emitTwo (events.js:106:13)
34 silly fetchPackageMetaData     at ChildProcess.emit (events.js:194:7)
34 silly fetchPackageMetaData     at maybeClose (internal/child_process.js:899:16)
34 silly fetchPackageMetaData     at Socket.<anonymous> (internal/child_process.js:342:11)
34 silly fetchPackageMetaData     at emitOne (events.js:96:13)
34 silly fetchPackageMetaData     at Socket.emit (events.js:191:7)
34 silly fetchPackageMetaData     at Pipe._handle.close [as _onclose] (net.js:513:12)
34 silly fetchPackageMetaData  error for sequelize/sequelize { Error: Command failed: git -c core.longpaths=true clone --template=C:\Users\IvanovA3\AppData\Roaming\npm-cache\_git-remotes\_templates --mirror git@github.com:sequelize/sequelize.git C:\Users\IvanovA3\AppData\Roaming\npm-cache\_git-remotes\git-github-com-sequelize-sequelize-git-2d67f3ed
34 silly fetchPackageMetaData Cloning into bare repository 'C:\Users\IvanovA3\AppData\Roaming\npm-cache\_git-remotes\git-github-com-sequelize-sequelize-git-2d67f3ed'...
34 silly fetchPackageMetaData ssh: connect to host github.com port 22: Connection timed out
34 silly fetchPackageMetaData fatal: Could not read from remote repository.
34 silly fetchPackageMetaData
34 silly fetchPackageMetaData Please make sure you have the correct access rights
34 silly fetchPackageMetaData and the repository exists.
34 silly fetchPackageMetaData
34 silly fetchPackageMetaData     at ChildProcess.exithandler (child_process.js:210:12)
34 silly fetchPackageMetaData     at emitTwo (events.js:106:13)
34 silly fetchPackageMetaData     at ChildProcess.emit (events.js:194:7)
34 silly fetchPackageMetaData     at maybeClose (internal/child_process.js:899:16)
34 silly fetchPackageMetaData     at Socket.<anonymous> (internal/child_process.js:342:11)
34 silly fetchPackageMetaData     at emitOne (events.js:96:13)
34 silly fetchPackageMetaData     at Socket.emit (events.js:191:7)
34 silly fetchPackageMetaData     at Pipe._handle.close [as _onclose] (net.js:513:12)
34 silly fetchPackageMetaData   killed: false,
34 silly fetchPackageMetaData   code: 128,
34 silly fetchPackageMetaData   signal: null,
34 silly fetchPackageMetaData   cmd: 'git -c core.longpaths=true clone --template=C:\\Users\\IvanovA3\\AppData\\Roaming\\npm-cache\\_git-remotes\\_templates --mirror git@github.com:sequelize/sequelize.git C:\\Users\\IvanovA3\\AppData\\Roaming\\npm-cache\\_git-remotes\\git-github-com-sequelize-sequelize-git-2d67f3ed' }
35 silly rollbackFailedOptional Starting
36 silly rollbackFailedOptional Finishing
37 silly runTopLevelLifecycles Finishing
38 silly install printInstalled
39 verbose stack Error: Command failed: git -c core.longpaths=true clone --template=C:\Users\IvanovA3\AppData\Roaming\npm-cache\_git-remotes\_templates --mirror git@github.com:sequelize/sequelize.git C:\Users\IvanovA3\AppData\Roaming\npm-cache\_git-remotes\git-github-com-sequelize-sequelize-git-2d67f3ed
39 verbose stack Cloning into bare repository 'C:\Users\IvanovA3\AppData\Roaming\npm-cache\_git-remotes\git-github-com-sequelize-sequelize-git-2d67f3ed'...
39 verbose stack ssh: connect to host github.com port 22: Connection timed out
39 verbose stack fatal: Could not read from remote repository.
39 verbose stack
39 verbose stack Please make sure you have the correct access rights
39 verbose stack and the repository exists.
39 verbose stack
39 verbose stack     at ChildProcess.exithandler (child_process.js:210:12)
39 verbose stack     at emitTwo (events.js:106:13)
39 verbose stack     at ChildProcess.emit (events.js:194:7)
39 verbose stack     at maybeClose (internal/child_process.js:899:16)
39 verbose stack     at Socket.<anonymous> (internal/child_process.js:342:11)
39 verbose stack     at emitOne (events.js:96:13)
39 verbose stack     at Socket.emit (events.js:191:7)
39 verbose stack     at Pipe._handle.close [as _onclose] (net.js:513:12)
40 verbose cwd E:\TEMP\---\Cherwell
41 error Windows_NT 6.1.7601
42 error argv "e:\\MyApps\\Node\\node.exe" "e:\\MyApps\\Node\\node_modules\\npm\\bin\\npm-cli.js" "install" "sequelize/sequelize" "--save"
43 error node v7.7.3
44 error npm  v4.1.2
45 error code 128
46 error Command failed: git -c core.longpaths=true clone --template=C:\Users\IvanovA3\AppData\Roaming\npm-cache\_git-remotes\_templates --mirror git@github.com:sequelize/sequelize.git C:\Users\IvanovA3\AppData\Roaming\npm-cache\_git-remotes\git-github-com-sequelize-sequelize-git-2d67f3ed
46 error Cloning into bare repository 'C:\Users\IvanovA3\AppData\Roaming\npm-cache\_git-remotes\git-github-com-sequelize-sequelize-git-2d67f3ed'...
46 error ssh: connect to host github.com port 22: Connection timed out
46 error fatal: Could not read from remote repository.
46 error
46 error Please make sure you have the correct access rights
46 error and the repository exists.
47 error If you need help, you may report this error at:
47 error     <https://github.com/npm/npm/issues>
48 verbose exit [ 1, true ]
