[2/24/2017, 1:15:24 AM] Server is running on port [5000]...
[2/24/2017, 1:15:24 AM] DB Connected.
[2/24/2017, 1:16:24 AM] User [MSS\Administrator]
[2/24/2017, 1:16:30 AM] User [MSS\Administrator]
Unauthorized
[2/24/2017, 1:21:40 AM] User [MSS\Administrator]
[2/24/2017, 8:42:05 AM] Started master
[2/24/2017, 8:42:05 AM]  Started worker {3}
[2/24/2017, 8:42:05 AM]  Started worker {1}
[2/24/2017, 8:42:05 AM]  Started worker {2}
[2/24/2017, 8:42:05 AM]  Started worker {4}
[2/24/2017, 8:42:05 AM] Server is running on port [5000] id={3}
[2/24/2017, 8:42:05 AM] DB Connected. {Worker id = 3}
[2/24/2017, 8:42:05 AM] Server is running on port [5000] id={1}
[2/24/2017, 8:42:05 AM] Server is running on port [5000] id={4}
[2/24/2017, 8:42:05 AM] DB Connected. {Worker id = 1}
[2/24/2017, 8:42:05 AM] Server is running on port [5000] id={2}
[2/24/2017, 8:42:05 AM] DB Connected. {Worker id = 4}
[2/24/2017, 8:42:05 AM] DB Connected. {Worker id = 2}
[2/24/2017, 8:42:13 AM] User [MSS\Administrator]
[2/24/2017, 8:42:13 AM] getFuck: Data sent. id=[2]
[2/24/2017, 8:42:25 AM] User [MSS\Administrator]
[2/24/2017, 8:42:25 AM] getRoot: Data sent. id=[2]
[3/1/2017, 3:54:41 AM] Started master
[2017-2-1 3:54:42] [info]  Started worker {4}
[2017-2-1 3:54:42] [info]  Started worker {3}
[2017-2-1 3:54:42] [info]  Started worker {1}
[2017-2-1 3:54:42] [info]  Started worker {2}
[2017-2-1 3:54:45] [info]  Server is running on port [5000] id={1}
[2017-2-1 3:54:45] [info]  Server is running on port [5000] id={2}
[2017-2-1 3:54:45] [info]  Server is running on port [5000] id={3}
[2017-2-1 3:54:45] [info]  Server is running on port [5000] id={4}
